# Дроздов Юрий.
# Домашнее задание к занятию 19.
# Работа с индексами, join'ами, статистикой

1 вариант:
Создать индексы на БД, которые ускорят доступ к данным.

Необходимо:
1. Создать индекс к какой-либо из таблиц вашей БД
2. Прислать текстом результат команды explain, в которой используется данный индекс
3. Реализовать индекс для полнотекстового поиска
4. Реализовать индекс на часть таблицы или индекс на поле с функцией
5. Создать индекс на несколько полей
6. Написать комментарии к каждому из индексов
7. Описать что и как делали и с какими проблемами столкнулись

Создана таблица:

CREATE TABLE public.superheroes (
	id int4 NOT NULL GENERATED BY DEFAULT AS IDENTITY,
	"name" varchar(100) NULL,
	align varchar(30) NULL,
	eye varchar(30) NULL,
	hair varchar(30) NULL,
	gender varchar(30) NULL,
	appearances int4 NULL,
	"year" int4 NULL,
	universe varchar(10) NULL,
	CONSTRAINT superheroes_pkey PRIMARY KEY (id)
);

Таблица имеет 7281 запись.

1. Проверяю необходимость создания индекса на поле "year":

    Делаю запрос до создания индекса.
```
explain select * from superheroes where "year" < '1990';
 
Seq Scan on superheroes  (cost=0.00..208.01 rows=3217 width=94)
  Filter: (year < 1990)
```

Создаю индекс на поле "year":
```
create index superheroes_year_idx on superheroes("year");
```

2. Проверяю результат:
```
explain select * from superheroes where "year" < '1990';

Index Scan using superheroes_year_idx on superheroes  (cost=0.28..186.15 rows=3217 width=94)
  Index Cond: (year < 1990)
```

3. Реализовать индекс для полнотекстового поиска

Добавляю столбец "name_lexeme" и заполняю его лексемами из поля name
```
alter table superheroes add column name_lexeme tsvector;
update superheroes set name_lexeme = to_tsvector(name);
```

Проверяю, что план запроса поиска будет содержать последовательное сканирование
```
explain
select *
from superheroes
where name_lexeme @@ to_tsquery('parker');

Seq Scan on superheroes  (cost=0.00..2196.26 rows=12 width=152)
  Filter: (name_lexeme @@ to_tsquery('parker'::text))
```

Создаю индекс GIN для поля для полнотекстового поиска
```
CREATE INDEX superheroes_name_idx ON superheroes USING GIN (name_lexeme);
```

Проверяю, что план запроса теперь содержит поиск по индексу
```
explain
select *
from superheroes
where name_lexeme @@ to_tsquery('parker');

Bitmap Heap Scan on superheroes  (cost=3.64..19.75 rows=12 width=152)
  Recheck Cond: (name_lexeme @@ to_tsquery('parker'::text))
  ->  Bitmap Index Scan on superheroes_name_idx  (cost=0.00..3.64 rows=12 width=0)
        Index Cond: (name_lexeme @@ to_tsquery('parker'::text))

```

4. Реализовать индекс на часть таблицы или индекс на поле с функцией

Создадим индекс для поля "year" для значений меньше "1990"
```
create index superheroes_year_idx on superheroes("year") where "year" < 1990;
```

Проверяем выборкой со значением "year" < 1990. Индекс должен работать
```
explain
select *
from superheroes
where year < 1990;

Bitmap Heap Scan on superheroes  (cost=22.67..347.88 rows=3217 width=152)
  Recheck Cond: (year < 1990)
  ->  Bitmap Index Scan on superheroes_year_idx  (cost=0.00..21.87 rows=3217 width=0)
```

Проверяем выборкой со значением "year" > 1990. Индекс не должен работать
```
explain
select *
from superheroes
where year > 1990;

Seq Scan on superheroes  (cost=0.00..376.01 rows=3915 width=152)
  Filter: (year > 1990)
```

5. Создать индекс на несколько полей

Создадим составной индекс на поля "name" и "year"
```
create index superheroes_name_year_idx on superheroes(name, "year");
```
Проверяю поиском по первому полю индекса
```
explain
select * from superheroes where name = 'Spider-Man (Peter Parker)';

Index Scan using superheroes_name_year_idx on superheroes  (cost=0.28..2.50 rows=1 width=152)
  Index Cond: ((name)::text = 'Spider-Man (Peter Parker)'::text)
```

Проверяю поиском по обоим полям индекса
```
explain
select * from superheroes where name = 'Spider-Man (Peter Parker)' and "year" < 2000;

Index Scan using superheroes_name_year_idx on superheroes  (cost=0.28..2.50 rows=1 width=152)
  Index Cond: (((name)::text = 'Spider-Man (Peter Parker)'::text) AND (year < 2000))
```

Проверяю поиском по второму полю.
```
explain
select * from superheroes where "year" = 2000;

Bitmap Heap Scan on superheroes  (cost=106.63..234.78 rows=155 width=152)
  Recheck Cond: (year = 2000)
  ->  Bitmap Index Scan on superheroes_name_year_idx  (cost=0.00..106.59 rows=155 width=0)
        Index Cond: (year = 2000)
```


